[DEBUG][2017-08-11 15:01:58,300][org.springframework.core.env.StandardEnvironment]Initializing new StandardEnvironment
[DEBUG][2017-08-11 15:01:58,307][org.springframework.core.env.StandardEnvironment]Adding [systemProperties] PropertySource with lowest search precedence
[DEBUG][2017-08-11 15:01:58,308][org.springframework.core.env.StandardEnvironment]Adding [systemEnvironment] PropertySource with lowest search precedence
[DEBUG][2017-08-11 15:01:58,309][org.springframework.core.env.StandardEnvironment]Initialized StandardEnvironment with PropertySources [systemProperties,systemEnvironment]
[INFO][2017-08-11 15:01:58,325][org.springframework.context.support.ClassPathXmlApplicationContext]Refreshing org.springframework.context.support.ClassPathXmlApplicationContext@5aaa6d82: startup date [Fri Aug 11 15:01:58 CST 2017]; root of context hierarchy
[DEBUG][2017-08-11 15:01:58,396][org.springframework.core.env.StandardEnvironment]Initializing new StandardEnvironment
[DEBUG][2017-08-11 15:01:58,396][org.springframework.core.env.StandardEnvironment]Adding [systemProperties] PropertySource with lowest search precedence
[DEBUG][2017-08-11 15:01:58,397][org.springframework.core.env.StandardEnvironment]Adding [systemEnvironment] PropertySource with lowest search precedence
[DEBUG][2017-08-11 15:01:58,397][org.springframework.core.env.StandardEnvironment]Initialized StandardEnvironment with PropertySources [systemProperties,systemEnvironment]
[INFO][2017-08-11 15:01:58,425][org.springframework.beans.factory.xml.XmlBeanDefinitionReader]Loading XML bean definitions from class path resource [applicationContext-client.xml]
[DEBUG][2017-08-11 15:01:58,457][org.springframework.beans.factory.xml.DefaultDocumentLoader]Using JAXP provider [com.sun.org.apache.xerces.internal.jaxp.DocumentBuilderFactoryImpl]
[DEBUG][2017-08-11 15:01:58,523][org.springframework.beans.factory.xml.PluggableSchemaResolver]Loading schema mappings from [META-INF/spring.schemas]
[DEBUG][2017-08-11 15:01:58,556][org.springframework.beans.factory.xml.PluggableSchemaResolver]Loaded schema mappings: {http://www.springframework.org/schema/util/spring-util.xsd=org/springframework/beans/factory/xml/spring-util-3.2.xsd, http://www.springframework.org/schema/jee/spring-jee-3.2.xsd=org/springframework/ejb/config/spring-jee-3.2.xsd, http://cxf.apache.org/schemas/configuration/security.xsd=schemas/configuration/security.xsd, http://www.springframework.org/schema/beans/spring-beans-3.1.xsd=org/springframework/beans/factory/xml/spring-beans-3.1.xsd, http://www.springframework.org/schema/task/spring-task.xsd=org/springframework/scheduling/config/spring-task-3.2.xsd, http://www.springframework.org/schema/cache/spring-cache.xsd=org/springframework/cache/config/spring-cache-3.2.xsd, http://www.springframework.org/schema/aop/spring-aop-3.0.xsd=org/springframework/aop/config/spring-aop-3.0.xsd, http://www.springframework.org/schema/aop/spring-aop-2.0.xsd=org/springframework/aop/config/spring-aop-2.0.xsd, http://www.springframework.org/schema/task/spring-task-3.1.xsd=org/springframework/scheduling/config/spring-task-3.1.xsd, http://www.springframework.org/schema/tool/spring-tool-2.5.xsd=org/springframework/beans/factory/xml/spring-tool-2.5.xsd, http://www.springframework.org/schema/beans/spring-beans.xsd=org/springframework/beans/factory/xml/spring-beans-3.2.xsd, http://cxf.apache.org/schemas/configuration/soap.xsd=schemas/configuration/soap.xsd, http://cxf.apache.org/schemas/wsdl/http-conf.xsd=schemas/wsdl/http-conf.xsd, http://www.springframework.org/schema/jee/spring-jee-2.5.xsd=org/springframework/ejb/config/spring-jee-2.5.xsd, http://cxf.apache.org/schemas/jaxws.xsd=schemas/jaxws.xsd, http://www.springframework.org/schema/tool/spring-tool-3.1.xsd=org/springframework/beans/factory/xml/spring-tool-3.1.xsd, http://www.springframework.org/schema/aop/spring-aop.xsd=org/springframework/aop/config/spring-aop-3.2.xsd, http://www.springframework.org/schema/jee/spring-jee-3.1.xsd=org/springframework/ejb/config/spring-jee-3.1.xsd, http://www.springframework.org/schema/context/spring-context-3.2.xsd=org/springframework/context/config/spring-context-3.2.xsd, http://www.springframework.org/schema/util/spring-util-3.2.xsd=org/springframework/beans/factory/xml/spring-util-3.2.xsd, http://www.springframework.org/schema/beans/spring-beans-2.0.xsd=org/springframework/beans/factory/xml/spring-beans-2.0.xsd, http://cxf.apache.org/schemas/simple.xsd=schemas/simple.xsd, http://www.springframework.org/schema/lang/spring-lang-3.2.xsd=org/springframework/scripting/config/spring-lang-3.2.xsd, http://www.springframework.org/schema/beans/spring-beans-3.0.xsd=org/springframework/beans/factory/xml/spring-beans-3.0.xsd, http://www.springframework.org/schema/cache/spring-cache-3.2.xsd=org/springframework/cache/config/spring-cache-3.2.xsd, http://www.springframework.org/schema/task/spring-task-3.0.xsd=org/springframework/scheduling/config/spring-task-3.0.xsd, http://schemas.xmlsoap.org/wsdl/2003-02-11.xsd=schemas/wsdl/wsdl.xsd, http://www.springframework.org/schema/context/spring-context-2.5.xsd=org/springframework/context/config/spring-context-2.5.xsd, http://www.springframework.org/schema/tool/spring-tool-3.0.xsd=org/springframework/beans/factory/xml/spring-tool-3.0.xsd, http://www.springframework.org/schema/util/spring-util-2.5.xsd=org/springframework/beans/factory/xml/spring-util-2.5.xsd, http://www.springframework.org/schema/tool/spring-tool-2.0.xsd=org/springframework/beans/factory/xml/spring-tool-2.0.xsd, http://www.springframework.org/schema/lang/spring-lang.xsd=org/springframework/scripting/config/spring-lang-3.2.xsd, http://www.springframework.org/schema/lang/spring-lang-2.5.xsd=org/springframework/scripting/config/spring-lang-2.5.xsd, http://cxf.apache.org/schemas/configuration/cxf-beans.xsd=schemas/configuration/cxf-beans.xsd, http://cxf.apache.org/schemas/ws/addressing.xsd=schemas/ws-addr-conf.xsd, http://www.springframework.org/schema/aop/spring-aop-3.2.xsd=org/springframework/aop/config/spring-aop-3.2.xsd, http://www.springframework.org/schema/jee/spring-jee-3.0.xsd=org/springframework/ejb/config/spring-jee-3.0.xsd, http://www.springframework.org/schema/jee/spring-jee-2.0.xsd=org/springframework/ejb/config/spring-jee-2.0.xsd, http://www.springframework.org/schema/context/spring-context-3.1.xsd=org/springframework/context/config/spring-context-3.1.xsd, http://cxf.apache.org/schemas/core.xsd=schemas/core.xsd, http://www.springframework.org/schema/util/spring-util-3.1.xsd=org/springframework/beans/factory/xml/spring-util-3.1.xsd, http://www.springframework.org/schema/lang/spring-lang-3.1.xsd=org/springframework/scripting/config/spring-lang-3.1.xsd, http://www.springframework.org/schema/cache/spring-cache-3.1.xsd=org/springframework/cache/config/spring-cache-3.1.xsd, http://www.springframework.org/schema/context/spring-context.xsd=org/springframework/context/config/spring-context-3.2.xsd, http://www.springframework.org/schema/jee/spring-jee.xsd=org/springframework/ejb/config/spring-jee-3.2.xsd, http://www.springframework.org/schema/aop/spring-aop-2.5.xsd=org/springframework/aop/config/spring-aop-2.5.xsd, http://cxf.apache.org/schemas/configuration/http-conf.xsd=schemas/configuration/http-conf.xsd, http://cxf.apache.org/schemas/configuration/http-jetty.xsd=schemas/configuration/http-jetty.xsd, http://www.springframework.org/schema/beans/spring-beans-3.2.xsd=org/springframework/beans/factory/xml/spring-beans-3.2.xsd, http://www.springframework.org/schema/aop/spring-aop-3.1.xsd=org/springframework/aop/config/spring-aop-3.1.xsd, http://www.springframework.org/schema/task/spring-task-3.2.xsd=org/springframework/scheduling/config/spring-task-3.2.xsd, http://www.springframework.org/schema/context/spring-context-3.0.xsd=org/springframework/context/config/spring-context-3.0.xsd, http://www.springframework.org/schema/tool/spring-tool.xsd=org/springframework/beans/factory/xml/spring-tool-3.2.xsd, http://www.springframework.org/schema/util/spring-util-3.0.xsd=org/springframework/beans/factory/xml/spring-util-3.0.xsd, http://www.springframework.org/schema/util/spring-util-2.0.xsd=org/springframework/beans/factory/xml/spring-util-2.0.xsd, http://www.springframework.org/schema/lang/spring-lang-3.0.xsd=org/springframework/scripting/config/spring-lang-3.0.xsd, http://www.springframework.org/schema/lang/spring-lang-2.0.xsd=org/springframework/scripting/config/spring-lang-2.0.xsd, http://schemas.xmlsoap.org/wsdl/http/=schemas/wsdl/http.xsd, http://schemas.xmlsoap.org/wsdl/=schemas/wsdl/wsdl.xsd, http://schemas.xmlsoap.org/ws/2004/08/addressing=schemas/wsdl/addressing.xsd, http://www.springframework.org/schema/tool/spring-tool-3.2.xsd=org/springframework/beans/factory/xml/spring-tool-3.2.xsd, http://www.springframework.org/schema/beans/spring-beans-2.5.xsd=org/springframework/beans/factory/xml/spring-beans-2.5.xsd}
[DEBUG][2017-08-11 15:01:58,558][org.springframework.beans.factory.xml.PluggableSchemaResolver]Found XML schema [http://www.springframework.org/schema/beans/spring-beans-3.0.xsd] in classpath: org/springframework/beans/factory/xml/spring-beans-3.0.xsd
[DEBUG][2017-08-11 15:01:58,652][org.springframework.beans.factory.xml.PluggableSchemaResolver]Found XML schema [http://cxf.apache.org/schemas/jaxws.xsd] in classpath: schemas/jaxws.xsd
[DEBUG][2017-08-11 15:01:58,673][org.springframework.beans.factory.xml.PluggableSchemaResolver]Found XML schema [http://cxf.apache.org/schemas/configuration/cxf-beans.xsd] in classpath: schemas/configuration/cxf-beans.xsd
[DEBUG][2017-08-11 15:01:58,697][org.springframework.beans.factory.xml.DefaultBeanDefinitionDocumentReader]Loading bean definitions
[INFO][2017-08-11 15:01:58,720][org.springframework.beans.factory.xml.XmlBeanDefinitionReader]Loading XML bean definitions from class path resource [META-INF/cxf/cxf.xml]
[DEBUG][2017-08-11 15:01:58,724][org.springframework.beans.factory.xml.DefaultDocumentLoader]Using JAXP provider [com.sun.org.apache.xerces.internal.jaxp.DocumentBuilderFactoryImpl]
[DEBUG][2017-08-11 15:01:58,732][org.springframework.beans.factory.xml.PluggableSchemaResolver]Found XML schema [http://www.springframework.org/schema/beans/spring-beans.xsd] in classpath: org/springframework/beans/factory/xml/spring-beans-3.2.xsd
[DEBUG][2017-08-11 15:01:58,792][org.springframework.beans.factory.xml.DefaultBeanDefinitionDocumentReader]Loading bean definitions
[DEBUG][2017-08-11 15:01:58,818][org.springframework.beans.factory.xml.BeanDefinitionParserDelegate]Neither XML 'id' nor 'name' specified - using generated bean name [org.apache.cxf.resource.ClasspathResolver#d2cc05a]
[DEBUG][2017-08-11 15:01:58,818][org.springframework.beans.factory.xml.BeanDefinitionParserDelegate]Neither XML 'id' nor 'name' specified - using generated bean name [org.apache.cxf.resource.ClassLoaderResolver#4f933fd1]
[DEBUG][2017-08-11 15:01:58,819][org.springframework.beans.factory.xml.BeanDefinitionParserDelegate]Neither XML 'id' nor 'name' specified - using generated bean name [org.apache.cxf.bus.spring.BusApplicationContextResourceResolver#548a9f61]
[DEBUG][2017-08-11 15:01:58,823][org.springframework.beans.factory.xml.BeanDefinitionParserDelegate]Neither XML 'id' nor 'name' specified - using generated bean name [org.apache.cxf.configuration.spring.SpringBeanMap#20e2cbe0]
[DEBUG][2017-08-11 15:01:58,825][org.springframework.beans.factory.xml.BeanDefinitionParserDelegate]Neither XML 'id' nor 'name' specified - using generated bean name [org.apache.cxf.configuration.spring.SpringBeanMap#68be2bc2]
[DEBUG][2017-08-11 15:01:58,826][org.springframework.beans.factory.xml.BeanDefinitionParserDelegate]Neither XML 'id' nor 'name' specified - using generated bean name [org.apache.cxf.configuration.spring.SpringBeanMap#28feb3fa]
[DEBUG][2017-08-11 15:01:58,831][org.springframework.beans.factory.xml.BeanDefinitionParserDelegate]Neither XML 'id' nor 'name' specified - using generated bean name [org.apache.cxf.transport.http.WSDLQueryHandler#675d3402]
[DEBUG][2017-08-11 15:01:58,834][org.springframework.beans.factory.xml.XmlBeanDefinitionReader]Loaded 22 bean definitions from location pattern [classpath:META-INF/cxf/cxf.xml]
[DEBUG][2017-08-11 15:01:58,834][org.springframework.beans.factory.xml.DefaultBeanDefinitionDocumentReader]Imported 22 bean definitions from URL location [classpath:META-INF/cxf/cxf.xml]
[INFO][2017-08-11 15:01:58,836][org.springframework.beans.factory.xml.XmlBeanDefinitionReader]Loading XML bean definitions from class path resource [META-INF/cxf/cxf-extension-soap.xml]
[DEBUG][2017-08-11 15:01:58,839][org.springframework.beans.factory.xml.DefaultDocumentLoader]Using JAXP provider [com.sun.org.apache.xerces.internal.jaxp.DocumentBuilderFactoryImpl]
[DEBUG][2017-08-11 15:01:58,842][org.springframework.beans.factory.xml.PluggableSchemaResolver]Found XML schema [http://www.springframework.org/schema/beans/spring-beans.xsd] in classpath: org/springframework/beans/factory/xml/spring-beans-3.2.xsd
[DEBUG][2017-08-11 15:01:58,882][org.springframework.beans.factory.xml.DefaultBeanDefinitionDocumentReader]Loading bean definitions
[DEBUG][2017-08-11 15:01:58,888][org.springframework.beans.factory.xml.BeanDefinitionParserDelegate]Neither XML 'id' nor 'name' specified - using generated bean name [org.apache.cxf.binding.soap.spring.SoapVersionRegistrar#c038203]
[DEBUG][2017-08-11 15:01:58,888][org.springframework.beans.factory.xml.XmlBeanDefinitionReader]Loaded 3 bean definitions from location pattern [classpath:META-INF/cxf/cxf-extension-soap.xml]
[DEBUG][2017-08-11 15:01:58,889][org.springframework.beans.factory.xml.DefaultBeanDefinitionDocumentReader]Imported 3 bean definitions from URL location [classpath:META-INF/cxf/cxf-extension-soap.xml]
[INFO][2017-08-11 15:01:58,897][org.springframework.beans.factory.xml.XmlBeanDefinitionReader]Loading XML bean definitions from class path resource [META-INF/cxf/cxf-servlet.xml]
[DEBUG][2017-08-11 15:01:58,901][org.springframework.beans.factory.xml.DefaultDocumentLoader]Using JAXP provider [com.sun.org.apache.xerces.internal.jaxp.DocumentBuilderFactoryImpl]
[DEBUG][2017-08-11 15:01:58,906][org.springframework.beans.factory.xml.PluggableSchemaResolver]Found XML schema [http://www.springframework.org/schema/beans/spring-beans.xsd] in classpath: org/springframework/beans/factory/xml/spring-beans-3.2.xsd
[DEBUG][2017-08-11 15:01:58,945][org.springframework.beans.factory.xml.DefaultBeanDefinitionDocumentReader]Loading bean definitions
[DEBUG][2017-08-11 15:01:58,947][org.springframework.beans.factory.xml.XmlBeanDefinitionReader]Loaded 1 bean definitions from location pattern [classpath:META-INF/cxf/cxf-servlet.xml]
[DEBUG][2017-08-11 15:01:58,948][org.springframework.beans.factory.xml.DefaultBeanDefinitionDocumentReader]Imported 1 bean definitions from URL location [classpath:META-INF/cxf/cxf-servlet.xml]
[DEBUG][2017-08-11 15:01:58,963][org.springframework.beans.factory.xml.DefaultNamespaceHandlerResolver]Loaded NamespaceHandler mappings: {http://www.springframework.org/schema/p=org.springframework.beans.factory.xml.SimplePropertyNamespaceHandler, http://cxf.apache.org/transports/http-jetty/configuration=org.apache.cxf.transport.http_jetty.spring.NamespaceHandler, http://cxf.apache.org/clustering=org.apache.cxf.clustering.spring.NamespaceHandler, http://cxf.apache.org/ws/addressing=org.apache.cxf.ws.addressing.spring.NamespaceHandler, http://www.springframework.org/schema/util=org.springframework.beans.factory.xml.UtilNamespaceHandler, http://www.springframework.org/schema/jee=org.springframework.ejb.config.JeeNamespaceHandler, http://www.springframework.org/schema/aop=org.springframework.aop.config.AopNamespaceHandler, http://cxf.apache.org/transports/http/configuration=org.apache.cxf.transport.http.spring.NamespaceHandler, http://www.springframework.org/schema/cache=org.springframework.cache.config.CacheNamespaceHandler, http://www.springframework.org/schema/c=org.springframework.beans.factory.xml.SimpleConstructorNamespaceHandler, http://cxf.apache.org/bindings/soap=org.apache.cxf.binding.soap.spring.NamespaceHandler, http://cxf.apache.org/simple=org.apache.cxf.frontend.spring.NamespaceHandler, http://www.springframework.org/schema/task=org.springframework.scheduling.config.TaskNamespaceHandler, http://www.springframework.org/schema/lang=org.springframework.scripting.config.LangNamespaceHandler, http://cxf.apache.org/core=org.apache.cxf.bus.spring.NamespaceHandler, http://cxf.apache.org/jaxws=org.apache.cxf.jaxws.spring.NamespaceHandler, http://www.springframework.org/schema/context=org.springframework.context.config.ContextNamespaceHandler}
[DEBUG][2017-08-11 15:01:59,085][org.springframework.beans.factory.xml.XmlBeanDefinitionReader]Loaded 28 bean definitions from location pattern [applicationContext-client.xml]
[DEBUG][2017-08-11 15:01:59,086][org.springframework.context.support.ClassPathXmlApplicationContext]Bean factory for org.springframework.context.support.ClassPathXmlApplicationContext@5aaa6d82: org.springframework.beans.factory.support.DefaultListableBeanFactory@21213b92: defining beans [cxf,org.apache.cxf.bus.spring.BusApplicationListener,org.apache.cxf.bus.spring.BusWiringBeanFactoryPostProcessor,org.apache.cxf.bus.spring.Jsr250BeanPostProcessor,org.apache.cxf.bus.spring.BusExtensionPostProcessor,org.apache.cxf.resource.ResourceManager,org.apache.cxf.configuration.Configurer,org.apache.cxf.binding.BindingFactoryManager,org.apache.cxf.transport.DestinationFactoryManager,org.apache.cxf.transport.ConduitInitiatorManager,org.apache.cxf.wsdl.WSDLManager,org.apache.cxf.phase.PhaseManager,org.apache.cxf.workqueue.WorkQueueManager,org.apache.cxf.buslifecycle.BusLifeCycleManager,org.apache.cxf.endpoint.ServerRegistry,org.apache.cxf.endpoint.ServerLifeCycleManager,org.apache.cxf.endpoint.ClientLifeCycleManager,org.apache.cxf.transports.http.QueryHandlerRegistry,org.apache.cxf.endpoint.EndpointResolverRegistry,org.apache.cxf.headers.HeaderManager,org.apache.cxf.catalog.OASISCatalogManager,org.apache.cxf.endpoint.ServiceContractResolverRegistry,org.apache.cxf.binding.soap.SoapBindingFactory,org.apache.cxf.binding.soap.SoapTransportFactory,org.apache.cxf.binding.soap.customEditorConfigurer,org.apache.cxf.transport.servlet.ServletTransportFactory,userWsClient.proxyFactory,userWsClient]; root of factory hierarchy
[DEBUG][2017-08-11 15:01:59,204][org.springframework.beans.factory.support.DefaultListableBeanFactory]Creating shared instance of singleton bean 'org.apache.cxf.binding.soap.customEditorConfigurer'
[DEBUG][2017-08-11 15:01:59,205][org.springframework.beans.factory.support.DefaultListableBeanFactory]Creating instance of bean 'org.apache.cxf.binding.soap.customEditorConfigurer'
[DEBUG][2017-08-11 15:01:59,239][org.springframework.beans.factory.support.DefaultListableBeanFactory]Eagerly caching bean 'org.apache.cxf.binding.soap.customEditorConfigurer' to allow for resolving potential circular references
[DEBUG][2017-08-11 15:01:59,246][org.springframework.beans.factory.support.DefaultListableBeanFactory]Creating instance of bean 'org.apache.cxf.binding.soap.spring.SoapVersionRegistrar#c038203'
[DEBUG][2017-08-11 15:01:59,250][org.springframework.beans.factory.support.DefaultListableBeanFactory]Finished creating instance of bean 'org.apache.cxf.binding.soap.spring.SoapVersionRegistrar#c038203'
[DEBUG][2017-08-11 15:01:59,311][org.springframework.beans.factory.support.DefaultListableBeanFactory]Finished creating instance of bean 'org.apache.cxf.binding.soap.customEditorConfigurer'
[DEBUG][2017-08-11 15:01:59,311][org.springframework.beans.factory.support.DefaultListableBeanFactory]Creating shared instance of singleton bean 'org.apache.cxf.bus.spring.BusWiringBeanFactoryPostProcessor'
[DEBUG][2017-08-11 15:01:59,312][org.springframework.beans.factory.support.DefaultListableBeanFactory]Creating instance of bean 'org.apache.cxf.bus.spring.BusWiringBeanFactoryPostProcessor'
[DEBUG][2017-08-11 15:01:59,317][org.springframework.beans.factory.support.DefaultListableBeanFactory]Eagerly caching bean 'org.apache.cxf.bus.spring.BusWiringBeanFactoryPostProcessor' to allow for resolving potential circular references
[DEBUG][2017-08-11 15:01:59,317][org.springframework.beans.factory.support.DefaultListableBeanFactory]Finished creating instance of bean 'org.apache.cxf.bus.spring.BusWiringBeanFactoryPostProcessor'
[DEBUG][2017-08-11 15:01:59,325][org.springframework.beans.factory.support.DefaultListableBeanFactory]Creating shared instance of singleton bean 'org.apache.cxf.bus.spring.Jsr250BeanPostProcessor'
[DEBUG][2017-08-11 15:01:59,325][org.springframework.beans.factory.support.DefaultListableBeanFactory]Creating instance of bean 'org.apache.cxf.bus.spring.Jsr250BeanPostProcessor'
[DEBUG][2017-08-11 15:01:59,326][org.springframework.beans.factory.support.DefaultListableBeanFactory]Eagerly caching bean 'org.apache.cxf.bus.spring.Jsr250BeanPostProcessor' to allow for resolving potential circular references
[DEBUG][2017-08-11 15:01:59,337][org.springframework.beans.factory.support.DefaultListableBeanFactory]Finished creating instance of bean 'org.apache.cxf.bus.spring.Jsr250BeanPostProcessor'
[DEBUG][2017-08-11 15:01:59,338][org.springframework.beans.factory.support.DefaultListableBeanFactory]Creating shared instance of singleton bean 'org.apache.cxf.bus.spring.BusExtensionPostProcessor'
[DEBUG][2017-08-11 15:01:59,338][org.springframework.beans.factory.support.DefaultListableBeanFactory]Creating instance of bean 'org.apache.cxf.bus.spring.BusExtensionPostProcessor'
[DEBUG][2017-08-11 15:01:59,339][org.springframework.beans.factory.support.DefaultListableBeanFactory]Eagerly caching bean 'org.apache.cxf.bus.spring.BusExtensionPostProcessor' to allow for resolving potential circular references
[DEBUG][2017-08-11 15:01:59,340][org.springframework.beans.factory.support.DefaultListableBeanFactory]Finished creating instance of bean 'org.apache.cxf.bus.spring.BusExtensionPostProcessor'
[DEBUG][2017-08-11 15:01:59,346][org.springframework.context.support.ClassPathXmlApplicationContext]Unable to locate MessageSource with name 'messageSource': using default [org.springframework.context.support.DelegatingMessageSource@aecb35a]
[DEBUG][2017-08-11 15:01:59,351][org.springframework.context.support.ClassPathXmlApplicationContext]Unable to locate ApplicationEventMulticaster with name 'applicationEventMulticaster': using default [org.springframework.context.event.SimpleApplicationEventMulticaster@15bfd87]
[INFO][2017-08-11 15:01:59,360][org.springframework.beans.factory.support.DefaultListableBeanFactory]Pre-instantiating singletons in org.springframework.beans.factory.support.DefaultListableBeanFactory@21213b92: defining beans [cxf,org.apache.cxf.bus.spring.BusApplicationListener,org.apache.cxf.bus.spring.BusWiringBeanFactoryPostProcessor,org.apache.cxf.bus.spring.Jsr250BeanPostProcessor,org.apache.cxf.bus.spring.BusExtensionPostProcessor,org.apache.cxf.resource.ResourceManager,org.apache.cxf.configuration.Configurer,org.apache.cxf.binding.BindingFactoryManager,org.apache.cxf.transport.DestinationFactoryManager,org.apache.cxf.transport.ConduitInitiatorManager,org.apache.cxf.wsdl.WSDLManager,org.apache.cxf.phase.PhaseManager,org.apache.cxf.workqueue.WorkQueueManager,org.apache.cxf.buslifecycle.BusLifeCycleManager,org.apache.cxf.endpoint.ServerRegistry,org.apache.cxf.endpoint.ServerLifeCycleManager,org.apache.cxf.endpoint.ClientLifeCycleManager,org.apache.cxf.transports.http.QueryHandlerRegistry,org.apache.cxf.endpoint.EndpointResolverRegistry,org.apache.cxf.headers.HeaderManager,org.apache.cxf.catalog.OASISCatalogManager,org.apache.cxf.endpoint.ServiceContractResolverRegistry,org.apache.cxf.binding.soap.SoapBindingFactory,org.apache.cxf.binding.soap.SoapTransportFactory,org.apache.cxf.binding.soap.customEditorConfigurer,org.apache.cxf.transport.servlet.ServletTransportFactory,userWsClient.proxyFactory,userWsClient]; root of factory hierarchy
[DEBUG][2017-08-11 15:01:59,361][org.springframework.beans.factory.support.DefaultListableBeanFactory]Creating shared instance of singleton bean 'cxf'
[DEBUG][2017-08-11 15:01:59,361][org.springframework.beans.factory.support.DefaultListableBeanFactory]Creating instance of bean 'cxf'
[DEBUG][2017-08-11 15:01:59,368][org.springframework.beans.factory.support.DefaultListableBeanFactory]Eagerly caching bean 'cxf' to allow for resolving potential circular references
[DEBUG][2017-08-11 15:01:59,369][org.springframework.beans.factory.support.DefaultListableBeanFactory]Returning eagerly cached instance of singleton bean 'cxf' that is not fully initialized yet - a consequence of a circular reference
[DEBUG][2017-08-11 15:01:59,380][org.springframework.beans.factory.support.DefaultListableBeanFactory]Finished creating instance of bean 'cxf'
[DEBUG][2017-08-11 15:01:59,380][org.springframework.beans.factory.support.DefaultListableBeanFactory]Creating shared instance of singleton bean 'org.apache.cxf.bus.spring.BusApplicationListener'
[DEBUG][2017-08-11 15:01:59,380][org.springframework.beans.factory.support.DefaultListableBeanFactory]Creating instance of bean 'org.apache.cxf.bus.spring.BusApplicationListener'
[DEBUG][2017-08-11 15:01:59,381][org.springframework.beans.factory.support.DefaultListableBeanFactory]Eagerly caching bean 'org.apache.cxf.bus.spring.BusApplicationListener' to allow for resolving potential circular references
[DEBUG][2017-08-11 15:01:59,382][org.springframework.beans.factory.support.DefaultListableBeanFactory]Finished creating instance of bean 'org.apache.cxf.bus.spring.BusApplicationListener'
[DEBUG][2017-08-11 15:01:59,382][org.springframework.beans.factory.support.DefaultListableBeanFactory]Returning cached instance of singleton bean 'org.apache.cxf.bus.spring.BusWiringBeanFactoryPostProcessor'
[DEBUG][2017-08-11 15:01:59,382][org.springframework.beans.factory.support.DefaultListableBeanFactory]Returning cached instance of singleton bean 'org.apache.cxf.bus.spring.Jsr250BeanPostProcessor'
[DEBUG][2017-08-11 15:01:59,383][org.springframework.beans.factory.support.DefaultListableBeanFactory]Returning cached instance of singleton bean 'org.apache.cxf.bus.spring.BusExtensionPostProcessor'
[DEBUG][2017-08-11 15:01:59,383][org.springframework.beans.factory.support.DefaultListableBeanFactory]Creating shared instance of singleton bean 'org.apache.cxf.resource.ResourceManager'
[DEBUG][2017-08-11 15:01:59,383][org.springframework.beans.factory.support.DefaultListableBeanFactory]Creating instance of bean 'org.apache.cxf.resource.ResourceManager'
[DEBUG][2017-08-11 15:01:59,388][org.springframework.beans.factory.support.DefaultListableBeanFactory]Eagerly caching bean 'org.apache.cxf.resource.ResourceManager' to allow for resolving potential circular references
[DEBUG][2017-08-11 15:01:59,388][org.springframework.beans.factory.support.DefaultListableBeanFactory]Creating instance of bean 'org.apache.cxf.resource.ClasspathResolver#d2cc05a'
[DEBUG][2017-08-11 15:01:59,389][org.springframework.beans.factory.support.DefaultListableBeanFactory]Finished creating instance of bean 'org.apache.cxf.resource.ClasspathResolver#d2cc05a'
[DEBUG][2017-08-11 15:01:59,389][org.springframework.beans.factory.support.DefaultListableBeanFactory]Creating instance of bean 'org.apache.cxf.resource.ClassLoaderResolver#4f933fd1'
[DEBUG][2017-08-11 15:01:59,390][org.springframework.beans.factory.support.DefaultListableBeanFactory]Finished creating instance of bean 'org.apache.cxf.resource.ClassLoaderResolver#4f933fd1'
[DEBUG][2017-08-11 15:01:59,390][org.springframework.beans.factory.support.DefaultListableBeanFactory]Creating instance of bean 'org.apache.cxf.bus.spring.BusApplicationContextResourceResolver#548a9f61'
[DEBUG][2017-08-11 15:01:59,392][org.springframework.beans.factory.support.DefaultListableBeanFactory]Finished creating instance of bean 'org.apache.cxf.bus.spring.BusApplicationContextResourceResolver#548a9f61'
[DEBUG][2017-08-11 15:01:59,449][org.springframework.beans.factory.support.DefaultListableBeanFactory]Returning cached instance of singleton bean 'cxf'
[DEBUG][2017-08-11 15:01:59,461][org.springframework.beans.factory.support.DefaultListableBeanFactory]Finished creating instance of bean 'org.apache.cxf.resource.ResourceManager'
[DEBUG][2017-08-11 15:01:59,461][org.springframework.beans.factory.support.DefaultListableBeanFactory]Creating shared instance of singleton bean 'org.apache.cxf.configuration.Configurer'
[DEBUG][2017-08-11 15:01:59,462][org.springframework.beans.factory.support.DefaultListableBeanFactory]Creating instance of bean 'org.apache.cxf.configuration.Configurer'
[DEBUG][2017-08-11 15:01:59,465][org.springframework.beans.factory.support.DefaultListableBeanFactory]Eagerly caching bean 'org.apache.cxf.configuration.Configurer' to allow for resolving potential circular references
[DEBUG][2017-08-11 15:01:59,468][org.springframework.beans.factory.support.DefaultListableBeanFactory]Invoking afterPropertiesSet() on bean with name 'org.apache.cxf.configuration.Configurer'
[DEBUG][2017-08-11 15:01:59,469][org.springframework.beans.factory.support.DefaultListableBeanFactory]Finished creating instance of bean 'org.apache.cxf.configuration.Configurer'
[DEBUG][2017-08-11 15:01:59,469][org.springframework.beans.factory.support.DefaultListableBeanFactory]Creating shared instance of singleton bean 'org.apache.cxf.binding.BindingFactoryManager'
[DEBUG][2017-08-11 15:01:59,474][org.springframework.beans.factory.support.DefaultListableBeanFactory]Creating instance of bean 'org.apache.cxf.binding.BindingFactoryManager'
[DEBUG][2017-08-11 15:01:59,480][org.springframework.beans.factory.support.DefaultListableBeanFactory]Eagerly caching bean 'org.apache.cxf.binding.BindingFactoryManager' to allow for resolving potential circular references
[DEBUG][2017-08-11 15:01:59,480][org.springframework.beans.factory.support.DefaultListableBeanFactory]Creating instance of bean 'org.apache.cxf.configuration.spring.SpringBeanMap#20e2cbe0'
[DEBUG][2017-08-11 15:01:59,500][org.springframework.beans.factory.support.DefaultListableBeanFactory]Invoking afterPropertiesSet() on bean with name 'org.apache.cxf.configuration.spring.SpringBeanMap#20e2cbe0'
[DEBUG][2017-08-11 15:01:59,501][org.springframework.beans.factory.support.DefaultListableBeanFactory]Finished creating instance of bean 'org.apache.cxf.configuration.spring.SpringBeanMap#20e2cbe0'
[DEBUG][2017-08-11 15:01:59,507][org.springframework.beans.factory.support.DefaultListableBeanFactory]Returning cached instance of singleton bean 'cxf'
[DEBUG][2017-08-11 15:01:59,510][org.springframework.beans.factory.support.DefaultListableBeanFactory]Finished creating instance of bean 'org.apache.cxf.binding.BindingFactoryManager'
[DEBUG][2017-08-11 15:01:59,511][org.springframework.beans.factory.support.DefaultListableBeanFactory]Creating shared instance of singleton bean 'org.apache.cxf.transport.DestinationFactoryManager'
[DEBUG][2017-08-11 15:01:59,511][org.springframework.beans.factory.support.DefaultListableBeanFactory]Creating instance of bean 'org.apache.cxf.transport.DestinationFactoryManager'
[DEBUG][2017-08-11 15:01:59,514][org.springframework.beans.factory.support.DefaultListableBeanFactory]Eagerly caching bean 'org.apache.cxf.transport.DestinationFactoryManager' to allow for resolving potential circular references
[DEBUG][2017-08-11 15:01:59,514][org.springframework.beans.factory.support.DefaultListableBeanFactory]Creating instance of bean 'org.apache.cxf.configuration.spring.SpringBeanMap#68be2bc2'
[DEBUG][2017-08-11 15:01:59,515][org.springframework.beans.factory.support.DefaultListableBeanFactory]Invoking afterPropertiesSet() on bean with name 'org.apache.cxf.configuration.spring.SpringBeanMap#68be2bc2'
[DEBUG][2017-08-11 15:01:59,515][org.springframework.beans.factory.support.DefaultListableBeanFactory]Finished creating instance of bean 'org.apache.cxf.configuration.spring.SpringBeanMap#68be2bc2'
[DEBUG][2017-08-11 15:01:59,520][org.springframework.beans.factory.support.DefaultListableBeanFactory]Returning cached instance of singleton bean 'cxf'
[DEBUG][2017-08-11 15:01:59,524][org.springframework.beans.factory.support.DefaultListableBeanFactory]Finished creating instance of bean 'org.apache.cxf.transport.DestinationFactoryManager'
[DEBUG][2017-08-11 15:01:59,524][org.springframework.beans.factory.support.DefaultListableBeanFactory]Creating shared instance of singleton bean 'org.apache.cxf.transport.ConduitInitiatorManager'
[DEBUG][2017-08-11 15:01:59,525][org.springframework.beans.factory.support.DefaultListableBeanFactory]Creating instance of bean 'org.apache.cxf.transport.ConduitInitiatorManager'
[DEBUG][2017-08-11 15:01:59,525][org.springframework.beans.factory.support.DefaultListableBeanFactory]Eagerly caching bean 'org.apache.cxf.transport.ConduitInitiatorManager' to allow for resolving potential circular references
[DEBUG][2017-08-11 15:01:59,526][org.springframework.beans.factory.support.DefaultListableBeanFactory]Creating instance of bean 'org.apache.cxf.configuration.spring.SpringBeanMap#28feb3fa'
[DEBUG][2017-08-11 15:01:59,526][org.springframework.beans.factory.support.DefaultListableBeanFactory]Invoking afterPropertiesSet() on bean with name 'org.apache.cxf.configuration.spring.SpringBeanMap#28feb3fa'
[DEBUG][2017-08-11 15:01:59,527][org.springframework.beans.factory.support.DefaultListableBeanFactory]Finished creating instance of bean 'org.apache.cxf.configuration.spring.SpringBeanMap#28feb3fa'
[DEBUG][2017-08-11 15:01:59,530][org.springframework.beans.factory.support.DefaultListableBeanFactory]Returning cached instance of singleton bean 'cxf'
[DEBUG][2017-08-11 15:01:59,532][org.springframework.beans.factory.support.DefaultListableBeanFactory]Finished creating instance of bean 'org.apache.cxf.transport.ConduitInitiatorManager'
[DEBUG][2017-08-11 15:01:59,532][org.springframework.beans.factory.support.DefaultListableBeanFactory]Creating shared instance of singleton bean 'org.apache.cxf.wsdl.WSDLManager'
[DEBUG][2017-08-11 15:01:59,532][org.springframework.beans.factory.support.DefaultListableBeanFactory]Creating instance of bean 'org.apache.cxf.wsdl.WSDLManager'
[DEBUG][2017-08-11 15:02:00,004][org.springframework.beans.factory.support.DefaultListableBeanFactory]Eagerly caching bean 'org.apache.cxf.wsdl.WSDLManager' to allow for resolving potential circular references
[DEBUG][2017-08-11 15:02:00,004][org.springframework.beans.factory.support.DefaultListableBeanFactory]Returning cached instance of singleton bean 'cxf'
[DEBUG][2017-08-11 15:02:00,012][org.springframework.beans.factory.support.DefaultListableBeanFactory]Finished creating instance of bean 'org.apache.cxf.wsdl.WSDLManager'
[DEBUG][2017-08-11 15:02:00,012][org.springframework.beans.factory.support.DefaultListableBeanFactory]Creating shared instance of singleton bean 'org.apache.cxf.phase.PhaseManager'
[DEBUG][2017-08-11 15:02:00,013][org.springframework.beans.factory.support.DefaultListableBeanFactory]Creating instance of bean 'org.apache.cxf.phase.PhaseManager'
[DEBUG][2017-08-11 15:02:00,019][org.springframework.beans.factory.support.DefaultListableBeanFactory]Eagerly caching bean 'org.apache.cxf.phase.PhaseManager' to allow for resolving potential circular references
[DEBUG][2017-08-11 15:02:00,019][org.springframework.beans.factory.support.DefaultListableBeanFactory]Finished creating instance of bean 'org.apache.cxf.phase.PhaseManager'
[DEBUG][2017-08-11 15:02:00,020][org.springframework.beans.factory.support.DefaultListableBeanFactory]Creating shared instance of singleton bean 'org.apache.cxf.workqueue.WorkQueueManager'
[DEBUG][2017-08-11 15:02:00,020][org.springframework.beans.factory.support.DefaultListableBeanFactory]Creating instance of bean 'org.apache.cxf.workqueue.WorkQueueManager'
[DEBUG][2017-08-11 15:02:00,025][org.springframework.beans.factory.support.DefaultListableBeanFactory]Eagerly caching bean 'org.apache.cxf.workqueue.WorkQueueManager' to allow for resolving potential circular references
[DEBUG][2017-08-11 15:02:00,025][org.springframework.beans.factory.support.DefaultListableBeanFactory]Returning cached instance of singleton bean 'cxf'
[DEBUG][2017-08-11 15:02:00,030][org.springframework.beans.factory.support.DefaultListableBeanFactory]Finished creating instance of bean 'org.apache.cxf.workqueue.WorkQueueManager'
[DEBUG][2017-08-11 15:02:00,031][org.springframework.beans.factory.support.DefaultListableBeanFactory]Creating shared instance of singleton bean 'org.apache.cxf.buslifecycle.BusLifeCycleManager'
[DEBUG][2017-08-11 15:02:00,031][org.springframework.beans.factory.support.DefaultListableBeanFactory]Creating instance of bean 'org.apache.cxf.buslifecycle.BusLifeCycleManager'
[DEBUG][2017-08-11 15:02:00,031][org.springframework.beans.factory.support.DefaultListableBeanFactory]Eagerly caching bean 'org.apache.cxf.buslifecycle.BusLifeCycleManager' to allow for resolving potential circular references
[DEBUG][2017-08-11 15:02:00,031][org.springframework.beans.factory.support.DefaultListableBeanFactory]Returning cached instance of singleton bean 'cxf'
[DEBUG][2017-08-11 15:02:00,037][org.springframework.beans.factory.support.DefaultListableBeanFactory]Finished creating instance of bean 'org.apache.cxf.buslifecycle.BusLifeCycleManager'
[DEBUG][2017-08-11 15:02:00,037][org.springframework.beans.factory.support.DefaultListableBeanFactory]Creating shared instance of singleton bean 'org.apache.cxf.endpoint.ServerRegistry'
[DEBUG][2017-08-11 15:02:00,037][org.springframework.beans.factory.support.DefaultListableBeanFactory]Creating instance of bean 'org.apache.cxf.endpoint.ServerRegistry'
[DEBUG][2017-08-11 15:02:00,038][org.springframework.beans.factory.support.DefaultListableBeanFactory]Eagerly caching bean 'org.apache.cxf.endpoint.ServerRegistry' to allow for resolving potential circular references
[DEBUG][2017-08-11 15:02:00,038][org.springframework.beans.factory.support.DefaultListableBeanFactory]Returning cached instance of singleton bean 'cxf'
[DEBUG][2017-08-11 15:02:00,046][org.springframework.beans.factory.support.DefaultListableBeanFactory]Finished creating instance of bean 'org.apache.cxf.endpoint.ServerRegistry'
[DEBUG][2017-08-11 15:02:00,047][org.springframework.beans.factory.support.DefaultListableBeanFactory]Creating shared instance of singleton bean 'org.apache.cxf.endpoint.ServerLifeCycleManager'
[DEBUG][2017-08-11 15:02:00,047][org.springframework.beans.factory.support.DefaultListableBeanFactory]Creating instance of bean 'org.apache.cxf.endpoint.ServerLifeCycleManager'
[DEBUG][2017-08-11 15:02:00,047][org.springframework.beans.factory.support.DefaultListableBeanFactory]Eagerly caching bean 'org.apache.cxf.endpoint.ServerLifeCycleManager' to allow for resolving potential circular references
[DEBUG][2017-08-11 15:02:00,049][org.springframework.beans.factory.support.DefaultListableBeanFactory]Finished creating instance of bean 'org.apache.cxf.endpoint.ServerLifeCycleManager'
[DEBUG][2017-08-11 15:02:00,049][org.springframework.beans.factory.support.DefaultListableBeanFactory]Creating shared instance of singleton bean 'org.apache.cxf.endpoint.ClientLifeCycleManager'
[DEBUG][2017-08-11 15:02:00,049][org.springframework.beans.factory.support.DefaultListableBeanFactory]Creating instance of bean 'org.apache.cxf.endpoint.ClientLifeCycleManager'
[DEBUG][2017-08-11 15:02:00,050][org.springframework.beans.factory.support.DefaultListableBeanFactory]Eagerly caching bean 'org.apache.cxf.endpoint.ClientLifeCycleManager' to allow for resolving potential circular references
[DEBUG][2017-08-11 15:02:00,051][org.springframework.beans.factory.support.DefaultListableBeanFactory]Finished creating instance of bean 'org.apache.cxf.endpoint.ClientLifeCycleManager'
[DEBUG][2017-08-11 15:02:00,051][org.springframework.beans.factory.support.DefaultListableBeanFactory]Creating shared instance of singleton bean 'org.apache.cxf.transports.http.QueryHandlerRegistry'
[DEBUG][2017-08-11 15:02:00,051][org.springframework.beans.factory.support.DefaultListableBeanFactory]Creating instance of bean 'org.apache.cxf.transports.http.QueryHandlerRegistry'
[DEBUG][2017-08-11 15:02:00,052][org.springframework.beans.factory.support.DefaultListableBeanFactory]Eagerly caching bean 'org.apache.cxf.transports.http.QueryHandlerRegistry' to allow for resolving potential circular references
[DEBUG][2017-08-11 15:02:00,053][org.springframework.beans.factory.support.DefaultListableBeanFactory]Returning cached instance of singleton bean 'cxf'
[DEBUG][2017-08-11 15:02:00,057][org.springframework.beans.factory.support.DefaultListableBeanFactory]Creating instance of bean 'org.apache.cxf.transport.http.WSDLQueryHandler#675d3402'
[DEBUG][2017-08-11 15:02:00,064][org.springframework.beans.factory.support.DefaultListableBeanFactory]Returning cached instance of singleton bean 'cxf'
[DEBUG][2017-08-11 15:02:00,068][org.springframework.beans.factory.support.DefaultListableBeanFactory]Finished creating instance of bean 'org.apache.cxf.transport.http.WSDLQueryHandler#675d3402'
[DEBUG][2017-08-11 15:02:00,069][org.springframework.beans.factory.support.DefaultListableBeanFactory]Finished creating instance of bean 'org.apache.cxf.transports.http.QueryHandlerRegistry'
[DEBUG][2017-08-11 15:02:00,070][org.springframework.beans.factory.support.DefaultListableBeanFactory]Creating shared instance of singleton bean 'org.apache.cxf.endpoint.EndpointResolverRegistry'
[DEBUG][2017-08-11 15:02:00,070][org.springframework.beans.factory.support.DefaultListableBeanFactory]Creating instance of bean 'org.apache.cxf.endpoint.EndpointResolverRegistry'
[DEBUG][2017-08-11 15:02:00,070][org.springframework.beans.factory.support.DefaultListableBeanFactory]Eagerly caching bean 'org.apache.cxf.endpoint.EndpointResolverRegistry' to allow for resolving potential circular references
[DEBUG][2017-08-11 15:02:00,071][org.springframework.beans.factory.support.DefaultListableBeanFactory]Returning cached instance of singleton bean 'cxf'
[DEBUG][2017-08-11 15:02:00,078][org.springframework.beans.factory.support.DefaultListableBeanFactory]Finished creating instance of bean 'org.apache.cxf.endpoint.EndpointResolverRegistry'
[DEBUG][2017-08-11 15:02:00,078][org.springframework.beans.factory.support.DefaultListableBeanFactory]Creating shared instance of singleton bean 'org.apache.cxf.headers.HeaderManager'
[DEBUG][2017-08-11 15:02:00,078][org.springframework.beans.factory.support.DefaultListableBeanFactory]Creating instance of bean 'org.apache.cxf.headers.HeaderManager'
[DEBUG][2017-08-11 15:02:00,079][org.springframework.beans.factory.support.DefaultListableBeanFactory]Eagerly caching bean 'org.apache.cxf.headers.HeaderManager' to allow for resolving potential circular references
[DEBUG][2017-08-11 15:02:00,079][org.springframework.beans.factory.support.DefaultListableBeanFactory]Returning cached instance of singleton bean 'cxf'
[DEBUG][2017-08-11 15:02:00,084][org.springframework.beans.factory.support.DefaultListableBeanFactory]Finished creating instance of bean 'org.apache.cxf.headers.HeaderManager'
[DEBUG][2017-08-11 15:02:00,085][org.springframework.beans.factory.support.DefaultListableBeanFactory]Creating shared instance of singleton bean 'org.apache.cxf.catalog.OASISCatalogManager'
[DEBUG][2017-08-11 15:02:00,085][org.springframework.beans.factory.support.DefaultListableBeanFactory]Creating instance of bean 'org.apache.cxf.catalog.OASISCatalogManager'
[DEBUG][2017-08-11 15:02:00,113][org.springframework.beans.factory.support.DefaultListableBeanFactory]Eagerly caching bean 'org.apache.cxf.catalog.OASISCatalogManager' to allow for resolving potential circular references
[DEBUG][2017-08-11 15:02:00,114][org.springframework.beans.factory.support.DefaultListableBeanFactory]Returning cached instance of singleton bean 'cxf'
[DEBUG][2017-08-11 15:02:00,119][org.springframework.beans.factory.support.DefaultListableBeanFactory]Finished creating instance of bean 'org.apache.cxf.catalog.OASISCatalogManager'
[DEBUG][2017-08-11 15:02:00,119][org.springframework.beans.factory.support.DefaultListableBeanFactory]Creating shared instance of singleton bean 'org.apache.cxf.endpoint.ServiceContractResolverRegistry'
[DEBUG][2017-08-11 15:02:00,119][org.springframework.beans.factory.support.DefaultListableBeanFactory]Creating instance of bean 'org.apache.cxf.endpoint.ServiceContractResolverRegistry'
[DEBUG][2017-08-11 15:02:00,120][org.springframework.beans.factory.support.DefaultListableBeanFactory]Eagerly caching bean 'org.apache.cxf.endpoint.ServiceContractResolverRegistry' to allow for resolving potential circular references
[DEBUG][2017-08-11 15:02:00,120][org.springframework.beans.factory.support.DefaultListableBeanFactory]Returning cached instance of singleton bean 'cxf'
[DEBUG][2017-08-11 15:02:00,125][org.springframework.beans.factory.support.DefaultListableBeanFactory]Finished creating instance of bean 'org.apache.cxf.endpoint.ServiceContractResolverRegistry'
[DEBUG][2017-08-11 15:02:00,125][org.springframework.beans.factory.support.DefaultListableBeanFactory]Returning cached instance of singleton bean 'org.apache.cxf.binding.soap.customEditorConfigurer'
[DEBUG][2017-08-11 15:02:00,125][org.springframework.beans.factory.support.DefaultListableBeanFactory]Creating shared instance of singleton bean 'org.apache.cxf.transport.servlet.ServletTransportFactory'
[DEBUG][2017-08-11 15:02:00,126][org.springframework.beans.factory.support.DefaultListableBeanFactory]Creating instance of bean 'org.apache.cxf.transport.servlet.ServletTransportFactory'
[DEBUG][2017-08-11 15:02:00,131][org.springframework.beans.factory.support.DefaultListableBeanFactory]Eagerly caching bean 'org.apache.cxf.transport.servlet.ServletTransportFactory' to allow for resolving potential circular references
[DEBUG][2017-08-11 15:02:00,131][org.springframework.beans.factory.support.DefaultListableBeanFactory]Returning cached instance of singleton bean 'cxf'
[DEBUG][2017-08-11 15:02:00,161][org.springframework.beans.factory.support.DefaultListableBeanFactory]Returning cached instance of singleton bean 'cxf'
[DEBUG][2017-08-11 15:02:00,162][org.springframework.beans.factory.support.DefaultListableBeanFactory]Returning cached instance of singleton bean 'cxf'
[DEBUG][2017-08-11 15:02:00,163][org.springframework.beans.factory.support.DefaultListableBeanFactory]Finished creating instance of bean 'org.apache.cxf.transport.servlet.ServletTransportFactory'
[DEBUG][2017-08-11 15:02:00,163][org.springframework.beans.factory.support.DefaultListableBeanFactory]Creating shared instance of singleton bean 'userWsClient.proxyFactory'
[DEBUG][2017-08-11 15:02:00,163][org.springframework.beans.factory.support.DefaultListableBeanFactory]Creating instance of bean 'userWsClient.proxyFactory'
[DEBUG][2017-08-11 15:02:00,207][org.springframework.beans.factory.support.DefaultListableBeanFactory]Eagerly caching bean 'userWsClient.proxyFactory' to allow for resolving potential circular references
[DEBUG][2017-08-11 15:02:00,230][org.springframework.beans.factory.support.DefaultListableBeanFactory]Returning cached instance of singleton bean 'cxf'
[DEBUG][2017-08-11 15:02:00,232][org.springframework.beans.factory.support.DefaultListableBeanFactory]Finished creating instance of bean 'userWsClient.proxyFactory'
[DEBUG][2017-08-11 15:02:00,232][org.springframework.beans.factory.support.DefaultListableBeanFactory]Creating shared instance of singleton bean 'userWsClient'
[DEBUG][2017-08-11 15:02:00,232][org.springframework.beans.factory.support.DefaultListableBeanFactory]Creating instance of bean 'userWsClient'
[DEBUG][2017-08-11 15:02:00,239][org.springframework.beans.factory.support.DefaultListableBeanFactory]Returning cached instance of singleton bean 'userWsClient.proxyFactory'
[DEBUG][2017-08-11 15:02:00,815][org.springframework.beans.factory.support.DefaultListableBeanFactory]Creating shared instance of singleton bean 'org.apache.cxf.binding.soap.SoapBindingFactory'
[DEBUG][2017-08-11 15:02:00,815][org.springframework.beans.factory.support.DefaultListableBeanFactory]Creating instance of bean 'org.apache.cxf.binding.soap.SoapBindingFactory'
[DEBUG][2017-08-11 15:02:00,826][org.springframework.beans.factory.support.DefaultListableBeanFactory]Eagerly caching bean 'org.apache.cxf.binding.soap.SoapBindingFactory' to allow for resolving potential circular references
[DEBUG][2017-08-11 15:02:00,833][org.springframework.beans.factory.support.DefaultListableBeanFactory]Returning cached instance of singleton bean 'cxf'
[DEBUG][2017-08-11 15:02:00,837][org.springframework.beans.factory.support.DefaultListableBeanFactory]Finished creating instance of bean 'org.apache.cxf.binding.soap.SoapBindingFactory'
[DEBUG][2017-08-11 15:02:00,837][org.springframework.beans.factory.support.DefaultListableBeanFactory]Returning cached instance of singleton bean 'org.apache.cxf.binding.soap.SoapBindingFactory'
[DEBUG][2017-08-11 15:02:00,974][org.springframework.beans.factory.support.DefaultListableBeanFactory]Eagerly caching bean 'userWsClient' to allow for resolving potential circular references
[DEBUG][2017-08-11 15:02:00,976][org.springframework.beans.factory.support.DefaultListableBeanFactory]Finished creating instance of bean 'userWsClient'
[DEBUG][2017-08-11 15:02:00,979][org.springframework.context.support.ClassPathXmlApplicationContext]Unable to locate LifecycleProcessor with name 'lifecycleProcessor': using default [org.springframework.context.support.DefaultLifecycleProcessor@52815fa3]
[DEBUG][2017-08-11 15:02:00,979][org.springframework.beans.factory.support.DefaultListableBeanFactory]Returning cached instance of singleton bean 'lifecycleProcessor'
[DEBUG][2017-08-11 15:02:00,984][org.springframework.beans.factory.support.DefaultListableBeanFactory]Returning cached instance of singleton bean 'org.apache.cxf.bus.spring.BusApplicationListener'
[DEBUG][2017-08-11 15:02:00,984][org.springframework.beans.factory.support.DefaultListableBeanFactory]Returning cached instance of singleton bean 'cxf'
[DEBUG][2017-08-11 15:02:00,984][org.springframework.beans.factory.support.DefaultListableBeanFactory]Returning cached instance of singleton bean 'org.apache.cxf.buslifecycle.BusLifeCycleManager'
[DEBUG][2017-08-11 15:02:00,987][org.springframework.core.env.PropertySourcesPropertyResolver]Searching for key 'spring.liveBeansView.mbeanDomain' in [systemProperties]
[DEBUG][2017-08-11 15:02:00,988][org.springframework.core.env.PropertySourcesPropertyResolver]Searching for key 'spring.liveBeansView.mbeanDomain' in [systemEnvironment]
[DEBUG][2017-08-11 15:02:00,989][org.springframework.core.env.PropertySourcesPropertyResolver]Could not find key 'spring.liveBeansView.mbeanDomain' in any property source. Returning [null]
[DEBUG][2017-08-11 15:02:00,989][org.springframework.beans.factory.support.DefaultListableBeanFactory]Returning cached instance of singleton bean 'userWsClient'
